GAS LISTING io.gas 			page 1


   1              		.file	"io.c"
   2              		.text
   3              		.balign 2
   4              		.p2align 4,,15
   5              	.globl _kos_size
   6              		.def	_kos_size;	.scl	2;	.type	32;	.endef
   7              	_kos_size:
   8 0000 55       		pushl	%ebp
   9 0001 89E5     		movl	%esp, %ebp
  10 0003 83EC0C   		subl	$12, %esp
  11 0006 8D45FC   		leal	-4(%ebp), %eax
  12 0009 50       		pushl	%eax
  13 000a 8D45F8   		leal	-8(%ebp), %eax
  14 000d 50       		pushl	%eax
  15 000e 8B4508   		movl	8(%ebp), %eax
  16 0011 50       		pushl	%eax
  17 0012 E8000000 		call	_nio_size
  17      00
  18 0017 8B45F8   		movl	-8(%ebp), %eax
  19 001a 89EC     		movl	%ebp, %esp
  20 001c 5D       		popl	%ebp
  21 001d C3       		ret
  22              		.balign 2
  23 001e 89F6     		.p2align 4,,15
  24              	.globl _kos_size64
  25              		.def	_kos_size64;	.scl	2;	.type	32;	.endef
  26              	_kos_size64:
  27 0020 55       		pushl	%ebp
  28 0021 89E5     		movl	%esp, %ebp
  29 0023 53       		pushl	%ebx
  30 0024 83EC18   		subl	$24, %esp
  31 0027 8D45F8   		leal	-8(%ebp), %eax
  32 002a 8B5508   		movl	8(%ebp), %edx
  33 002d 50       		pushl	%eax
  34 002e 8D45F4   		leal	-12(%ebp), %eax
  35 0031 50       		pushl	%eax
  36 0032 52       		pushl	%edx
  37 0033 E8000000 		call	_nio_size
  37      00
  38 0038 8B4DF8   		movl	-8(%ebp), %ecx
  39 003b 8B45F4   		movl	-12(%ebp), %eax
  40 003e 89CB     		movl	%ecx, %ebx
  41 0040 89C2     		movl	%eax, %edx
  42 0042 31C9     		xorl	%ecx, %ecx
  43 0044 C1FA1F   		sarl	$31, %edx
  44 0047 09C8     		orl	%ecx, %eax
  45 0049 09DA     		orl	%ebx, %edx
  46 004b 8B5DFC   		movl	-4(%ebp), %ebx
  47 004e 89EC     		movl	%ebp, %esp
  48 0050 5D       		popl	%ebp
  49 0051 C3       		ret
  50              		.balign 2
  51 0052 8DB42600 		.p2align 4,,15
  51      0000008D 
  51      BC270000 
  51      0000
  52              	.globl _kos_tell
GAS LISTING io.gas 			page 2


  53              		.def	_kos_tell;	.scl	2;	.type	32;	.endef
  54              	_kos_tell:
  55 0060 55       		pushl	%ebp
  56 0061 89E5     		movl	%esp, %ebp
  57 0063 83EC0C   		subl	$12, %esp
  58 0066 8D45FC   		leal	-4(%ebp), %eax
  59 0069 8B4D08   		movl	8(%ebp), %ecx
  60 006c 50       		pushl	%eax
  61 006d 8D45F8   		leal	-8(%ebp), %eax
  62 0070 50       		pushl	%eax
  63 0071 51       		pushl	%ecx
  64 0072 E8000000 		call	_nio_tell
  64      00
  65 0077 8B45F8   		movl	-8(%ebp), %eax
  66 007a 89EC     		movl	%ebp, %esp
  67 007c 5D       		popl	%ebp
  68 007d C3       		ret
  69              		.balign 2
  70 007e 89F6     		.p2align 4,,15
  71              	.globl _kos_tell64
  72              		.def	_kos_tell64;	.scl	2;	.type	32;	.endef
  73              	_kos_tell64:
  74 0080 55       		pushl	%ebp
  75 0081 89E5     		movl	%esp, %ebp
  76 0083 53       		pushl	%ebx
  77 0084 83EC18   		subl	$24, %esp
  78 0087 8D45F8   		leal	-8(%ebp), %eax
  79 008a 8B5D08   		movl	8(%ebp), %ebx
  80 008d 50       		pushl	%eax
  81 008e 8D45F4   		leal	-12(%ebp), %eax
  82 0091 50       		pushl	%eax
  83 0092 53       		pushl	%ebx
  84 0093 E8000000 		call	_nio_tell
  84      00
  85 0098 8B4DF8   		movl	-8(%ebp), %ecx
  86 009b 8B45F4   		movl	-12(%ebp), %eax
  87 009e 89CB     		movl	%ecx, %ebx
  88 00a0 89C2     		movl	%eax, %edx
  89 00a2 31C9     		xorl	%ecx, %ecx
  90 00a4 C1FA1F   		sarl	$31, %edx
  91 00a7 09C8     		orl	%ecx, %eax
  92 00a9 09DA     		orl	%ebx, %edx
  93 00ab 8B5DFC   		movl	-4(%ebp), %ebx
  94 00ae 89EC     		movl	%ebp, %esp
  95 00b0 5D       		popl	%ebp
  96 00b1 C3       		ret
  97              		.balign 2
  98 00b2 8DB42600 		.p2align 4,,15
  98      0000008D 
  98      BC270000 
  98      0000
  99              	.globl _kos_seek
 100              		.def	_kos_seek;	.scl	2;	.type	32;	.endef
 101              	_kos_seek:
 102 00c0 55       		pushl	%ebp
 103 00c1 89E5     		movl	%esp, %ebp
 104 00c3 83EC0C   		subl	$12, %esp
GAS LISTING io.gas 			page 3


 105 00c6 8B450C   		movl	12(%ebp), %eax
 106 00c9 6A00     		pushl	$0
 107 00cb 50       		pushl	%eax
 108 00cc 8B4508   		movl	8(%ebp), %eax
 109 00cf 50       		pushl	%eax
 110 00d0 E8000000 		call	_nio_seek
 110      00
 111 00d5 89EC     		movl	%ebp, %esp
 112 00d7 5D       		popl	%ebp
 113 00d8 C3       		ret
 114 00d9 90       		.balign 2
 115 00da 8DB60000 		.p2align 4,,15
 115      0000
 116              	.globl _kos_seek64
 117              		.def	_kos_seek64;	.scl	2;	.type	32;	.endef
 118              	_kos_seek64:
 119 00e0 55       		pushl	%ebp
 120 00e1 89E5     		movl	%esp, %ebp
 121 00e3 53       		pushl	%ebx
 122 00e4 8B450C   		movl	12(%ebp), %eax
 123 00e7 8B5510   		movl	16(%ebp), %edx
 124 00ea 895510   		movl	%edx, 16(%ebp)
 125 00ed 89450C   		movl	%eax, 12(%ebp)
 126 00f0 5B       		popl	%ebx
 127 00f1 5D       		popl	%ebp
 128 00f2 E9000000 		jmp	_nio_seek
 128      00
 129 00f7 90       		.balign 2
 130 00f8 908DB426 		.p2align 4,,15
 130      00000000 
 131              	.globl _kos_seteof
 132              		.def	_kos_seteof;	.scl	2;	.type	32;	.endef
 133              	_kos_seteof:
 134 0100 55       		pushl	%ebp
 135 0101 89E5     		movl	%esp, %ebp
 136 0103 83EC0C   		subl	$12, %esp
 137 0106 8B450C   		movl	12(%ebp), %eax
 138 0109 6A00     		pushl	$0
 139 010b 50       		pushl	%eax
 140 010c 8B4508   		movl	8(%ebp), %eax
 141 010f 50       		pushl	%eax
 142 0110 E8000000 		call	_nio_seteof
 142      00
 143 0115 89EC     		movl	%ebp, %esp
 144 0117 5D       		popl	%ebp
 145 0118 C3       		ret
 146 0119 90       		.balign 2
 147 011a 8DB60000 		.p2align 4,,15
 147      0000
 148              	.globl _kos_seteof64
 149              		.def	_kos_seteof64;	.scl	2;	.type	32;	.endef
 150              	_kos_seteof64:
 151 0120 55       		pushl	%ebp
 152 0121 89E5     		movl	%esp, %ebp
 153 0123 53       		pushl	%ebx
 154 0124 8B450C   		movl	12(%ebp), %eax
 155 0127 8B5510   		movl	16(%ebp), %edx
GAS LISTING io.gas 			page 4


 156 012a 895510   		movl	%edx, 16(%ebp)
 157 012d 89450C   		movl	%eax, 12(%ebp)
 158 0130 5B       		popl	%ebx
 159 0131 5D       		popl	%ebp
 160 0132 E9000000 		jmp	_nio_seteof
 160      00
 161 0137 90       		.balign 2
 162 0138 908DB426 		.p2align 4,,15
 162      00000000 
 163              	.globl _kos_open
 164              		.def	_kos_open;	.scl	2;	.type	32;	.endef
 165              	_kos_open:
 166 0140 55       		pushl	%ebp
 167 0141 89E5     		movl	%esp, %ebp
 168 0143 83EC0C   		subl	$12, %esp
 169 0146 8B550C   		movl	12(%ebp), %edx
 170 0149 8B4508   		movl	8(%ebp), %eax
 171 014c 52       		pushl	%edx
 172 014d 50       		pushl	%eax
 173 014e 50       		pushl	%eax
 174 014f E8000000 		call	_strlen
 174      00
 175 0154 890424   		movl	%eax, (%esp)
 176 0157 E8000000 		call	_nio_open
 176      00
 177 015c 89EC     		movl	%ebp, %esp
 178 015e 5D       		popl	%ebp
 179 015f C3       		ret
 180              		.def	_strlen;	.scl	2;	.type	32;	.endef
 181              		.def	_nio_open;	.scl	2;	.type	32;	.endef
 182              		.def	_nio_seteof;	.scl	2;	.type	32;	.endef
 183              		.def	_nio_seek;	.scl	2;	.type	32;	.endef
 184              		.def	_nio_tell;	.scl	2;	.type	32;	.endef
 185              		.def	_nio_size;	.scl	2;	.type	32;	.endef
GAS LISTING io.gas 			page 5


DEFINED SYMBOLS
                            *ABS*:00000000 io.c
              io.gas:7      .text:00000000 _kos_size
              io.gas:26     .text:00000020 _kos_size64
              io.gas:54     .text:00000060 _kos_tell
              io.gas:73     .text:00000080 _kos_tell64
              io.gas:101    .text:000000c0 _kos_seek
              io.gas:118    .text:000000e0 _kos_seek64
              io.gas:133    .text:00000100 _kos_seteof
              io.gas:150    .text:00000120 _kos_seteof64
              io.gas:165    .text:00000140 _kos_open

UNDEFINED SYMBOLS
_strlen
_nio_open
_nio_seteof
_nio_seek
_nio_tell
_nio_size
