GAS LISTING io/iomng.gas 			page 1


   1              		.file	"iomng.cpp"
   2              		.text
   3              		.align 2
   4              		.p2align 4,,15
   5              	.globl __ZN2io5iomng9IOManager4ctorEv
   6              		.def	__ZN2io5iomng9IOManager4ctorEv;	.scl	2;	.type	32;	.endef
   7              	__ZN2io5iomng9IOManager4ctorEv:
   8 0000 55       		pushl	%ebp
   9 0001 31D2     		xorl	%edx, %edx
  10 0003 89E5     		movl	%esp, %ebp
  11 0005 53       		pushl	%ebx
  12 0006 8B4D08   		movl	8(%ebp), %ecx
  13 0009 BB001000 		movl	$4096, %ebx
  13      00
  14 000e 89F6     		.p2align 4,,15
  15              	L6:
  16 0010 89D0     		movl	%edx, %eax
  17 0012 42       		incl	%edx
  18 0013 C1E004   		sall	$4, %eax
  19 0016 C70408FF 		movl	$-1, (%eax,%ecx)
  19      FFFFFF
  20 001d 39D3     		cmpl	%edx, %ebx
  21 001f C7440804 		movl	$-1, 4(%eax,%ecx)
  21      FFFFFFFF 
  22 0027 C7440808 		movl	$0, 8(%eax,%ecx)
  22      00000000 
  23 002f 7FDF     		jg	L6
  24 0031 5B       		popl	%ebx
  25 0032 5D       		popl	%ebp
  26 0033 C3       		ret
  27              		.align 2
  28 0034 8DB60000 		.p2align 4,,15
  28      00008DBF 
  28      00000000 
  29              	.globl __ZN2io5iomng9IOManager3addEPFiiPvE
  30              		.def	__ZN2io5iomng9IOManager3addEPFiiPvE;	.scl	2;	.type	32;	.endef
  31              	__ZN2io5iomng9IOManager3addEPFiiPvE:
  32 0040 55       		pushl	%ebp
  33 0041 89E5     		movl	%esp, %ebp
  34 0043 57       		pushl	%edi
  35 0044 8B7D08   		movl	8(%ebp), %edi
  36 0047 56       		pushl	%esi
  37 0048 BE001000 		movl	$4096, %esi
  37      00
  38 004d 89F9     		movl	%edi, %ecx
  39 004f 53       		pushl	%ebx
  40 0050 31DB     		xorl	%ebx, %ebx
  41 0052 EB08     		jmp	L16
  42              		.p2align 4,,7
  43              	L21:
  44 0054 43       		incl	%ebx
  45 0055 83C110   		addl	$16, %ecx
  46 0058 39DE     		cmpl	%ebx, %esi
  47 005a 7E30     		jle	L20
  48              	L16:
  49 005c 8B01     		movl	(%ecx), %eax
  50 005e 8B5104   		movl	4(%ecx), %edx
GAS LISTING io/iomng.gas 			page 2


  51 0061 21D0     		andl	%edx, %eax
  52 0063 40       		incl	%eax
  53 0064 75EE     		jne	L21
  54 0066 83FBFF   		cmpl	$-1, %ebx
  55 0069 7421     		je	L20
  56 006b A1000000 		movl	_timerctl, %eax
  56      00
  57 0070 89DA     		movl	%ebx, %edx
  58 0072 C1E204   		sall	$4, %edx
  59 0075 89043A   		movl	%eax, (%edx,%edi)
  60 0078 31C0     		xorl	%eax, %eax
  61 007a 89443A04 		movl	%eax, 4(%edx,%edi)
  62 007e 8B450C   		movl	12(%ebp), %eax
  63 0081 89443A08 		movl	%eax, 8(%edx,%edi)
  64 0085 89D8     		movl	%ebx, %eax
  65 0087 5B       		popl	%ebx
  66 0088 5E       		popl	%esi
  67 0089 5F       		popl	%edi
  68 008a 5D       		popl	%ebp
  69 008b C3       		ret
  70              	L20:
  71 008c 5B       		popl	%ebx
  72 008d B8FFFFFF 		movl	$-1, %eax
  72      FF
  73 0092 5E       		popl	%esi
  74 0093 5F       		popl	%edi
  75 0094 5D       		popl	%ebp
  76 0095 C3       		ret
  77              		.section .rdata,"dr"
  78              		.align 4
  79              	LC0:
  80 0000 494F4D61 		.ascii "IOManager::access,dev_id=%08x,num=%d\12\0"
  80      6E616765 
  80      723A3A61 
  80      63636573 
  80      732C6465 
  81 0026 00000000 		.text
  81      00000000 
  81      0000
  82              		.align 2
  83 0096 8D76008D 		.p2align 4,,15
  83      BC270000 
  83      0000
  84              	.globl __ZN2io5iomng9IOManager6accessEiiPv
  85              		.def	__ZN2io5iomng9IOManager6accessEiiPv;	.scl	2;	.type	32;	.endef
  86              	__ZN2io5iomng9IOManager6accessEiiPv:
  87 00a0 55       		pushl	%ebp
  88 00a1 BA000000 		movl	$LC0, %edx
  88      00
  89 00a6 89E5     		movl	%esp, %ebp
  90 00a8 81EC2801 		subl	$296, %esp
  90      0000
  91 00ae 8975F8   		movl	%esi, -8(%ebp)
  92 00b1 8B750C   		movl	12(%ebp), %esi
  93 00b4 897DFC   		movl	%edi, -4(%ebp)
  94 00b7 8B7D10   		movl	16(%ebp), %edi
  95 00ba 895DF4   		movl	%ebx, -12(%ebp)
GAS LISTING io/iomng.gas 			page 3


  96 00bd 8D9DE8FE 		leal	-280(%ebp), %ebx
  96      FFFF
  97 00c3 89542404 		movl	%edx, 4(%esp)
  98 00c7 897C240C 		movl	%edi, 12(%esp)
  99 00cb 89742408 		movl	%esi, 8(%esp)
 100 00cf 891C24   		movl	%ebx, (%esp)
 101 00d2 E8000000 		call	_sprintf
 101      00
 102 00d7 895C2408 		movl	%ebx, 8(%esp)
 103 00db A1000000 		movl	_l_console, %eax
 103      00
 104 00e0 89442404 		movl	%eax, 4(%esp)
 105 00e4 A1000000 		movl	_layerctl, %eax
 105      00
 106 00e9 890424   		movl	%eax, (%esp)
 107 00ec E8000000 		call	__Z11layer_printP8LayerCtl5uid_tPc
 107      00
 108 00f1 85F6     		testl	%esi, %esi
 109 00f3 7808     		js	L24
 110 00f5 81FEFF0F 		cmpl	$4095, %esi
 110      0000
 111 00fb 7E13     		jle	L23
 112              	L24:
 113 00fd 8B5DF4   		movl	-12(%ebp), %ebx
 114 0100 B8FFFFFF 		movl	$-1, %eax
 114      FF
 115 0105 8B75F8   		movl	-8(%ebp), %esi
 116 0108 8B7DFC   		movl	-4(%ebp), %edi
 117 010b 89EC     		movl	%ebp, %esp
 118 010d 5D       		popl	%ebp
 119 010e C3       		ret
 120 010f 90       		.p2align 4,,7
 121              	L23:
 122 0110 8B4514   		movl	20(%ebp), %eax
 123 0113 C1E604   		sall	$4, %esi
 124 0116 893C24   		movl	%edi, (%esp)
 125 0119 89442404 		movl	%eax, 4(%esp)
 126 011d 8B4508   		movl	8(%ebp), %eax
 127 0120 FF540608 		call	*8(%esi,%eax)
 128 0124 8B5DF4   		movl	-12(%ebp), %ebx
 129 0127 8B75F8   		movl	-8(%ebp), %esi
 130 012a 8B7DFC   		movl	-4(%ebp), %edi
 131 012d 89EC     		movl	%ebp, %esp
 132 012f 5D       		popl	%ebp
 133 0130 C3       		ret
 134 0131 90       		.align 2
 135 0132 8DB42600 		.p2align 4,,15
 135      0000008D 
 135      BC270000 
 135      0000
 136              	.globl __ZN2io5iomng9IOManager4initEv
 137              		.def	__ZN2io5iomng9IOManager4initEv;	.scl	2;	.type	32;	.endef
 138              	__ZN2io5iomng9IOManager4initEv:
 139 0140 55       		pushl	%ebp
 140 0141 89E5     		movl	%esp, %ebp
 141 0143 83EC08   		subl	$8, %esp
 142 0146 C7042400 		movl	$65536, (%esp)
GAS LISTING io/iomng.gas 			page 4


 142      000100
 143 014d E8000000 		call	__Z15memmng_alloc_4ki
 143      00
 144 0152 890424   		movl	%eax, (%esp)
 145 0155 A3000000 		movl	%eax, __ZN2io5iomng5iomngE
 145      00
 146 015a E8A1FEFF 		call	__ZN2io5iomng9IOManager4ctorEv
 146      FF
 147 015f A1000000 		movl	__ZN2io5iomng5iomngE, %eax
 147      00
 148 0164 B9000000 		movl	$__ZN2io8scr_cons6outputEiPv, %ecx
 148      00
 149 0169 894C2404 		movl	%ecx, 4(%esp)
 150 016d 890424   		movl	%eax, (%esp)
 151 0170 E8CBFEFF 		call	__ZN2io5iomng9IOManager3addEPFiiPvE
 151      FF
 152 0175 A3000000 		movl	%eax, __ZN2io5iomng6screenE
 152      00
 153 017a C9       		leave
 154 017b C3       		ret
 155              		.def	__Z15memmng_alloc_4ki;	.scl	3;	.type	32;	.endef
 156              		.def	__Z11layer_printP8LayerCtl5uid_tPc;	.scl	3;	.type	32;	.endef
 157              		.def	_sprintf;	.scl	2;	.type	32;	.endef
 158 017c 90909090 		.def	__ZN2io8scr_cons6outputEiPv;	.scl	3;	.type	32;	.endef
GAS LISTING io/iomng.gas 			page 5


DEFINED SYMBOLS
                            *ABS*:00000000 iomng.cpp
        io/iomng.gas:7      .text:00000000 __ZN2io5iomng9IOManager4ctorEv
        io/iomng.gas:31     .text:00000040 __ZN2io5iomng9IOManager3addEPFiiPvE
        io/iomng.gas:86     .text:000000a0 __ZN2io5iomng9IOManager6accessEiiPv
        io/iomng.gas:138    .text:00000140 __ZN2io5iomng9IOManager4initEv

UNDEFINED SYMBOLS
_timerctl
_l_console
_layerctl
__ZN2io5iomng5iomngE
__ZN2io5iomng6screenE
__Z15memmng_alloc_4ki
__Z11layer_printP8LayerCtl5uid_tPc
_sprintf
__ZN2io8scr_cons6outputEiPv
