GAS LISTING io/scr_cons.gas 			page 1


   1              		.file	"scr_cons.cpp"
   2              		.text
   3              		.align 2
   4              		.p2align 4,,15
   5              	.globl __ZN2io8scr_cons6outputEiPv
   6              		.def	__ZN2io8scr_cons6outputEiPv;	.scl	2;	.type	32;	.endef
   7              	__ZN2io8scr_cons6outputEiPv:
   8 0000 55       		pushl	%ebp
   9 0001 31C0     		xorl	%eax, %eax
  10 0003 89E5     		movl	%esp, %ebp
  11 0005 53       		pushl	%ebx
  12 0006 83EC14   		subl	$20, %esp
  13 0009 8B5D0C   		movl	12(%ebp), %ebx
  14 000c 837D0802 		cmpl	$2, 8(%ebp)
  15 0010 7406     		je	L6
  16 0012 83C414   		addl	$20, %esp
  17 0015 5B       		popl	%ebx
  18 0016 5D       		popl	%ebp
  19 0017 C3       		ret
  20              		.p2align 4,,7
  21              	L6:
  22 0018 8B4304   		movl	4(%ebx), %eax
  23 001b 89442408 		movl	%eax, 8(%esp)
  24 001f A1000000 		movl	_l_console, %eax
  24      00
  25 0024 89442404 		movl	%eax, 4(%esp)
  26 0028 A1000000 		movl	_layerctl, %eax
  26      00
  27 002d 890424   		movl	%eax, (%esp)
  28 0030 E8000000 		call	__Z11layer_printP8LayerCtl5uid_tPc
  28      00
  29 0035 8B03     		movl	(%ebx), %eax
  30 0037 83C414   		addl	$20, %esp
  31 003a 5B       		popl	%ebx
  32 003b 5D       		popl	%ebp
  33 003c C3       		ret
  34 003d 90       		.align 2
  35 003e 89F6     		.p2align 4,,15
  36              	.globl __ZN2io8scr_cons5printEPKc
  37              		.def	__ZN2io8scr_cons5printEPKc;	.scl	2;	.type	32;	.endef
  38              	__ZN2io8scr_cons5printEPKc:
  39 0040 55       		pushl	%ebp
  40 0041 89E5     		movl	%esp, %ebp
  41 0043 83EC28   		subl	$40, %esp
  42 0046 897DFC   		movl	%edi, -4(%ebp)
  43 0049 8B7D08   		movl	8(%ebp), %edi
  44 004c 895DF4   		movl	%ebx, -12(%ebp)
  45 004f 8975F8   		movl	%esi, -8(%ebp)
  46 0052 893C24   		movl	%edi, (%esp)
  47 0055 E8000000 		call	_strlen
  47      00
  48 005a 8945E8   		movl	%eax, -24(%ebp)
  49 005d 8D45E8   		leal	-24(%ebp), %eax
  50 0060 897DEC   		movl	%edi, -20(%ebp)
  51 0063 89442404 		movl	%eax, 4(%esp)
  52 0067 C7042402 		movl	$2, (%esp)
  52      000000
GAS LISTING io/scr_cons.gas 			page 2


  53 006e E88DFFFF 		call	__ZN2io8scr_cons6outputEiPv
  53      FF
  54 0073 8B5DF4   		movl	-12(%ebp), %ebx
  55 0076 8B75F8   		movl	-8(%ebp), %esi
  56 0079 8B7DFC   		movl	-4(%ebp), %edi
  57 007c 89EC     		movl	%ebp, %esp
  58 007e 5D       		popl	%ebp
  59 007f C3       		ret
  60              		.def	_strlen;	.scl	2;	.type	32;	.endef
  61              		.def	__Z11layer_printP8LayerCtl5uid_tPc;	.scl	3;	.type	32;	.endef
GAS LISTING io/scr_cons.gas 			page 3


DEFINED SYMBOLS
                            *ABS*:00000000 scr_cons.cpp
     io/scr_cons.gas:7      .text:00000000 __ZN2io8scr_cons6outputEiPv
     io/scr_cons.gas:38     .text:00000040 __ZN2io8scr_cons5printEPKc

UNDEFINED SYMBOLS
_l_console
_layerctl
_strlen
__Z11layer_printP8LayerCtl5uid_tPc
