GAS LISTING graphic.gas 			page 1


   1              		.file	"graphic.cpp"
   2              		.data
   3              		.align 32
   4              	_ZZ12init_palettevE9table_rgb:
   5 0000 00       		.byte	0
   6 0001 00       		.byte	0
   7 0002 00       		.byte	0
   8 0003 FF       		.byte	-1
   9 0004 00       		.byte	0
  10 0005 00       		.byte	0
  11 0006 00       		.byte	0
  12 0007 FF       		.byte	-1
  13 0008 00       		.byte	0
  14 0009 FF       		.byte	-1
  15 000a FF       		.byte	-1
  16 000b 00       		.byte	0
  17 000c 00       		.byte	0
  18 000d 00       		.byte	0
  19 000e FF       		.byte	-1
  20 000f FF       		.byte	-1
  21 0010 00       		.byte	0
  22 0011 FF       		.byte	-1
  23 0012 00       		.byte	0
  24 0013 FF       		.byte	-1
  25 0014 FF       		.byte	-1
  26 0015 FF       		.byte	-1
  27 0016 FF       		.byte	-1
  28 0017 FF       		.byte	-1
  29 0018 C6       		.byte	-58
  30 0019 C6       		.byte	-58
  31 001a C6       		.byte	-58
  32 001b 84       		.byte	-124
  33 001c 00       		.byte	0
  34 001d 00       		.byte	0
  35 001e 00       		.byte	0
  36 001f 84       		.byte	-124
  37 0020 00       		.byte	0
  38 0021 84       		.byte	-124
  39 0022 84       		.byte	-124
  40 0023 00       		.byte	0
  41 0024 00       		.byte	0
  42 0025 00       		.byte	0
  43 0026 84       		.byte	-124
  44 0027 84       		.byte	-124
  45 0028 00       		.byte	0
  46 0029 84       		.byte	-124
  47 002a 00       		.byte	0
  48 002b 84       		.byte	-124
  49 002c 84       		.byte	-124
  50 002d 84       		.byte	-124
  51 002e 84       		.byte	-124
  52 002f 84       		.byte	-124
  53              		.text
  54              		.align 2
  55              		.p2align 4,,15
  56              	.globl __Z12init_palettev
  57              		.def	__Z12init_palettev;	.scl	2;	.type	32;	.endef
GAS LISTING graphic.gas 			page 2


  58              	__Z12init_palettev:
  59 0000 55       		pushl	%ebp
  60 0001 B8000000 		movl	$_ZZ12init_palettevE9table_rgb, %eax
  60      00
  61 0006 89E5     		movl	%esp, %ebp
  62 0008 5D       		popl	%ebp
  63 0009 C3       		ret
  64              		.align 2
  65 000a 8DB60000 		.p2align 4,,15
  65      0000
  66              	.globl __Z11set_paletteiiPKh
  67              		.def	__Z11set_paletteiiPKh;	.scl	2;	.type	32;	.endef
  68              	__Z11set_paletteiiPKh:
  69 0010 55       		pushl	%ebp
  70 0011 89E5     		movl	%esp, %ebp
  71 0013 57       		pushl	%edi
  72 0014 56       		pushl	%esi
  73 0015 53       		pushl	%ebx
  74 0016 83EC0C   		subl	$12, %esp
  75 0019 8B7508   		movl	8(%ebp), %esi
  76 001c 8B7D0C   		movl	12(%ebp), %edi
  77 001f 8B5D10   		movl	16(%ebp), %ebx
  78 0022 E8000000 		call	_io_cli
  78      00
  79 0027 89742404 		movl	%esi, 4(%esp)
  80 002b C70424C8 		movl	$968, (%esp)
  80      030000
  81 0032 E8000000 		call	_io_out8
  81      00
  82 0037 39FE     		cmpl	%edi, %esi
  83 0039 7F5A     		jg	L7
  84 003b 908D7426 		.p2align 4,,15
  84      00
  85              	L10:
  86 0040 0FB603   		movzbl	(%ebx), %eax
  87 0043 C70424C9 		movl	$969, (%esp)
  87      030000
  88 004a 46       		incl	%esi
  89 004b C0E802   		shrb	$2, %al
  90 004e 0FB6C0   		movzbl	%al, %eax
  91 0051 89442404 		movl	%eax, 4(%esp)
  92 0055 E8000000 		call	_io_out8
  92      00
  93 005a 0FB64301 		movzbl	1(%ebx), %eax
  94 005e C70424C9 		movl	$969, (%esp)
  94      030000
  95 0065 C0E802   		shrb	$2, %al
  96 0068 0FB6C0   		movzbl	%al, %eax
  97 006b 89442404 		movl	%eax, 4(%esp)
  98 006f E8000000 		call	_io_out8
  98      00
  99 0074 0FB64302 		movzbl	2(%ebx), %eax
 100 0078 83C303   		addl	$3, %ebx
 101 007b C70424C9 		movl	$969, (%esp)
 101      030000
 102 0082 C0E802   		shrb	$2, %al
 103 0085 0FB6C0   		movzbl	%al, %eax
GAS LISTING graphic.gas 			page 3


 104 0088 89442404 		movl	%eax, 4(%esp)
 105 008c E8000000 		call	_io_out8
 105      00
 106 0091 39FE     		cmpl	%edi, %esi
 107 0093 7EAB     		jle	L10
 108              	L7:
 109 0095 83C40C   		addl	$12, %esp
 110 0098 5B       		popl	%ebx
 111 0099 5E       		popl	%esi
 112 009a 5F       		popl	%edi
 113 009b 5D       		popl	%ebp
 114 009c E9000000 		jmp	_io_sti
 114      00
 115 00a1 90       		.align 2
 116 00a2 8DB42600 		.p2align 4,,15
 116      0000008D 
 116      BC270000 
 116      0000
 117              	.globl __Z8boxfill8Phihiiii
 118              		.def	__Z8boxfill8Phihiiii;	.scl	2;	.type	32;	.endef
 119              	__Z8boxfill8Phihiiii:
 120 00b0 55       		pushl	%ebp
 121 00b1 89E5     		movl	%esp, %ebp
 122 00b3 8B4D18   		movl	24(%ebp), %ecx
 123 00b6 57       		pushl	%edi
 124 00b7 8B7D20   		movl	32(%ebp), %edi
 125 00ba 56       		pushl	%esi
 126 00bb 8B751C   		movl	28(%ebp), %esi
 127 00be 39F9     		cmpl	%edi, %ecx
 128 00c0 53       		pushl	%ebx
 129 00c1 0FB65D10 		movzbl	16(%ebp), %ebx
 130 00c5 7F30     		jg	L21
 131 00c7 8B450C   		movl	12(%ebp), %eax
 132 00ca 8B5508   		movl	8(%ebp), %edx
 133 00cd 0FAFC1   		imull	%ecx, %eax
 134 00d0 01D0     		addl	%edx, %eax
 135 00d2 8DB42600 		.p2align 4,,15
 135      0000008D 
 135      BC270000 
 135      0000
 136              	L19:
 137 00e0 8B5514   		movl	20(%ebp), %edx
 138 00e3 EB04     		jmp	L24
 139              		.p2align 4,,7
 140              	L25:
 141 00e5 881C10   		movb	%bl, (%eax,%edx)
 142 00e8 42       		incl	%edx
 143              	L24:
 144 00e9 39F2     		cmpl	%esi, %edx
 145 00eb 7EF8     		jle	L25
 146 00ed 8B550C   		movl	12(%ebp), %edx
 147 00f0 41       		incl	%ecx
 148 00f1 01D0     		addl	%edx, %eax
 149 00f3 39F9     		cmpl	%edi, %ecx
 150 00f5 7EE9     		jle	L19
 151              	L21:
 152 00f7 5B       		popl	%ebx
GAS LISTING graphic.gas 			page 4


 153 00f8 5E       		popl	%esi
 154 00f9 5F       		popl	%edi
 155 00fa 5D       		popl	%ebp
 156 00fb C3       		ret
 157              		.align 2
 158 00fc 8D742600 		.p2align 4,,15
 159              	.globl __Z12init_screen8Phii
 160              		.def	__Z12init_screen8Phii;	.scl	2;	.type	32;	.endef
 161              	__Z12init_screen8Phii:
 162 0100 55       		pushl	%ebp
 163 0101 89E5     		movl	%esp, %ebp
 164 0103 57       		pushl	%edi
 165 0104 56       		pushl	%esi
 166 0105 BE0E0000 		movl	$14, %esi
 166      00
 167 010a 53       		pushl	%ebx
 168 010b 83EC28   		subl	$40, %esp
 169 010e 31DB     		xorl	%ebx, %ebx
 170 0110 89742408 		movl	%esi, 8(%esp)
 171 0114 8B4510   		movl	16(%ebp), %eax
 172 0117 8B7D0C   		movl	12(%ebp), %edi
 173 011a 83E81D   		subl	$29, %eax
 174 011d 4F       		decl	%edi
 175 011e 89442418 		movl	%eax, 24(%esp)
 176 0122 31C0     		xorl	%eax, %eax
 177 0124 89442410 		movl	%eax, 16(%esp)
 178 0128 31C0     		xorl	%eax, %eax
 179 012a 8944240C 		movl	%eax, 12(%esp)
 180 012e 8B450C   		movl	12(%ebp), %eax
 181 0131 897C2414 		movl	%edi, 20(%esp)
 182 0135 89442404 		movl	%eax, 4(%esp)
 183 0139 8B4508   		movl	8(%ebp), %eax
 184 013c 890424   		movl	%eax, (%esp)
 185 013f E86CFFFF 		call	__Z8boxfill8Phihiiii
 185      FF
 186 0144 897C2414 		movl	%edi, 20(%esp)
 187 0148 8B4510   		movl	16(%ebp), %eax
 188 014b B9080000 		movl	$8, %ecx
 188      00
 189 0150 894C2408 		movl	%ecx, 8(%esp)
 190 0154 895C240C 		movl	%ebx, 12(%esp)
 191 0158 83E81C   		subl	$28, %eax
 192 015b BB020000 		movl	$2, %ebx
 192      00
 193 0160 89442418 		movl	%eax, 24(%esp)
 194 0164 89442410 		movl	%eax, 16(%esp)
 195 0168 8B450C   		movl	12(%ebp), %eax
 196 016b 89442404 		movl	%eax, 4(%esp)
 197 016f 8B4508   		movl	8(%ebp), %eax
 198 0172 890424   		movl	%eax, (%esp)
 199 0175 E836FFFF 		call	__Z8boxfill8Phihiiii
 199      FF
 200 017a 897C2414 		movl	%edi, 20(%esp)
 201 017e 8B4510   		movl	16(%ebp), %eax
 202 0181 31D2     		xorl	%edx, %edx
 203 0183 8954240C 		movl	%edx, 12(%esp)
 204 0187 83E81B   		subl	$27, %eax
GAS LISTING graphic.gas 			page 5


 205 018a 89442418 		movl	%eax, 24(%esp)
 206 018e 89442410 		movl	%eax, 16(%esp)
 207 0192 B8070000 		movl	$7, %eax
 207      00
 208 0197 89442408 		movl	%eax, 8(%esp)
 209 019b 8B450C   		movl	12(%ebp), %eax
 210 019e 89442404 		movl	%eax, 4(%esp)
 211 01a2 8B4508   		movl	8(%ebp), %eax
 212 01a5 890424   		movl	%eax, (%esp)
 213 01a8 E803FFFF 		call	__Z8boxfill8Phihiiii
 213      FF
 214 01ad 897C2414 		movl	%edi, 20(%esp)
 215 01b1 8B4510   		movl	16(%ebp), %eax
 216 01b4 BF020000 		movl	$2, %edi
 216      00
 217 01b9 48       		decl	%eax
 218 01ba 89442418 		movl	%eax, 24(%esp)
 219 01be 8B4510   		movl	16(%ebp), %eax
 220 01c1 83E81A   		subl	$26, %eax
 221 01c4 89442410 		movl	%eax, 16(%esp)
 222 01c8 31C0     		xorl	%eax, %eax
 223 01ca 8944240C 		movl	%eax, 12(%esp)
 224 01ce B8080000 		movl	$8, %eax
 224      00
 225 01d3 89442408 		movl	%eax, 8(%esp)
 226 01d7 8B450C   		movl	12(%ebp), %eax
 227 01da 89442404 		movl	%eax, 4(%esp)
 228 01de 8B4508   		movl	8(%ebp), %eax
 229 01e1 890424   		movl	%eax, (%esp)
 230 01e4 E8C7FEFF 		call	__Z8boxfill8Phihiiii
 230      FF
 231 01e9 B83B0000 		movl	$59, %eax
 231      00
 232 01ee 8B7510   		movl	16(%ebp), %esi
 233 01f1 89442414 		movl	%eax, 20(%esp)
 234 01f5 B8030000 		movl	$3, %eax
 234      00
 235 01fa 83EE18   		subl	$24, %esi
 236 01fd 8944240C 		movl	%eax, 12(%esp)
 237 0201 B8070000 		movl	$7, %eax
 237      00
 238 0206 89442408 		movl	%eax, 8(%esp)
 239 020a 8B450C   		movl	12(%ebp), %eax
 240 020d 89742418 		movl	%esi, 24(%esp)
 241 0211 89742410 		movl	%esi, 16(%esp)
 242 0215 89442404 		movl	%eax, 4(%esp)
 243 0219 8B4508   		movl	8(%ebp), %eax
 244 021c 890424   		movl	%eax, (%esp)
 245 021f E88CFEFF 		call	__Z8boxfill8Phihiiii
 245      FF
 246 0224 897C2414 		movl	%edi, 20(%esp)
 247 0228 8B4510   		movl	16(%ebp), %eax
 248 022b B9070000 		movl	$7, %ecx
 248      00
 249 0230 894C2408 		movl	%ecx, 8(%esp)
 250 0234 BF3B0000 		movl	$59, %edi
 250      00
GAS LISTING graphic.gas 			page 6


 251 0239 89742410 		movl	%esi, 16(%esp)
 252 023d 83E804   		subl	$4, %eax
 253 0240 8945F0   		movl	%eax, -16(%ebp)
 254 0243 89442418 		movl	%eax, 24(%esp)
 255 0247 8B450C   		movl	12(%ebp), %eax
 256 024a 895C240C 		movl	%ebx, 12(%esp)
 257 024e BB0F0000 		movl	$15, %ebx
 257      00
 258 0253 89442404 		movl	%eax, 4(%esp)
 259 0257 8B4508   		movl	8(%ebp), %eax
 260 025a 890424   		movl	%eax, (%esp)
 261 025d E84EFEFF 		call	__Z8boxfill8Phihiiii
 261      FF
 262 0262 8B45F0   		movl	-16(%ebp), %eax
 263 0265 BA3B0000 		movl	$59, %edx
 263      00
 264 026a 89542414 		movl	%edx, 20(%esp)
 265 026e 89442418 		movl	%eax, 24(%esp)
 266 0272 89442410 		movl	%eax, 16(%esp)
 267 0276 B8030000 		movl	$3, %eax
 267      00
 268 027b 8944240C 		movl	%eax, 12(%esp)
 269 027f B80F0000 		movl	$15, %eax
 269      00
 270 0284 89442408 		movl	%eax, 8(%esp)
 271 0288 8B450C   		movl	12(%ebp), %eax
 272 028b 89442404 		movl	%eax, 4(%esp)
 273 028f 8B4508   		movl	8(%ebp), %eax
 274 0292 890424   		movl	%eax, (%esp)
 275 0295 E816FEFF 		call	__Z8boxfill8Phihiiii
 275      FF
 276 029a 897C240C 		movl	%edi, 12(%esp)
 277 029e 8B4510   		movl	16(%ebp), %eax
 278 02a1 895C2408 		movl	%ebx, 8(%esp)
 279 02a5 83E805   		subl	$5, %eax
 280 02a8 89442418 		movl	%eax, 24(%esp)
 281 02ac B83B0000 		movl	$59, %eax
 281      00
 282 02b1 89442414 		movl	%eax, 20(%esp)
 283 02b5 8B4510   		movl	16(%ebp), %eax
 284 02b8 83E817   		subl	$23, %eax
 285 02bb 8945EC   		movl	%eax, -20(%ebp)
 286 02be 89442410 		movl	%eax, 16(%esp)
 287 02c2 8B450C   		movl	12(%ebp), %eax
 288 02c5 89442404 		movl	%eax, 4(%esp)
 289 02c9 8B4508   		movl	8(%ebp), %eax
 290 02cc 890424   		movl	%eax, (%esp)
 291 02cf E8DCFDFF 		call	__Z8boxfill8Phihiiii
 291      FF
 292 02d4 8B4510   		movl	16(%ebp), %eax
 293 02d7 B93B0000 		movl	$59, %ecx
 293      00
 294 02dc BA020000 		movl	$2, %edx
 294      00
 295 02e1 894C2414 		movl	%ecx, 20(%esp)
 296 02e5 8954240C 		movl	%edx, 12(%esp)
 297 02e9 83E803   		subl	$3, %eax
GAS LISTING graphic.gas 			page 7


 298 02ec 8945E8   		movl	%eax, -24(%ebp)
 299 02ef 89442418 		movl	%eax, 24(%esp)
 300 02f3 89442410 		movl	%eax, 16(%esp)
 301 02f7 31C0     		xorl	%eax, %eax
 302 02f9 89442408 		movl	%eax, 8(%esp)
 303 02fd 8B450C   		movl	12(%ebp), %eax
 304 0300 89442404 		movl	%eax, 4(%esp)
 305 0304 8B4508   		movl	8(%ebp), %eax
 306 0307 890424   		movl	%eax, (%esp)
 307 030a E8A1FDFF 		call	__Z8boxfill8Phihiiii
 307      FF
 308 030f 89742410 		movl	%esi, 16(%esp)
 309 0313 8B45E8   		movl	-24(%ebp), %eax
 310 0316 89442418 		movl	%eax, 24(%esp)
 311 031a B83C0000 		movl	$60, %eax
 311      00
 312 031f 89442414 		movl	%eax, 20(%esp)
 313 0323 B83C0000 		movl	$60, %eax
 313      00
 314 0328 8944240C 		movl	%eax, 12(%esp)
 315 032c 31C0     		xorl	%eax, %eax
 316 032e 89442408 		movl	%eax, 8(%esp)
 317 0332 8B450C   		movl	12(%ebp), %eax
 318 0335 89442404 		movl	%eax, 4(%esp)
 319 0339 8B4508   		movl	8(%ebp), %eax
 320 033c 890424   		movl	%eax, (%esp)
 321 033f E86CFDFF 		call	__Z8boxfill8Phihiiii
 321      FF
 322 0344 89742418 		movl	%esi, 24(%esp)
 323 0348 B80F0000 		movl	$15, %eax
 323      00
 324 034d 8B5D0C   		movl	12(%ebp), %ebx
 325 0350 89442408 		movl	%eax, 8(%esp)
 326 0354 8B450C   		movl	12(%ebp), %eax
 327 0357 8B7D0C   		movl	12(%ebp), %edi
 328 035a 89742410 		movl	%esi, 16(%esp)
 329 035e 83EB04   		subl	$4, %ebx
 330 0361 89442404 		movl	%eax, 4(%esp)
 331 0365 8B4508   		movl	8(%ebp), %eax
 332 0368 83EF2F   		subl	$47, %edi
 333 036b 895C2414 		movl	%ebx, 20(%esp)
 334 036f 897C240C 		movl	%edi, 12(%esp)
 335 0373 890424   		movl	%eax, (%esp)
 336 0376 E835FDFF 		call	__Z8boxfill8Phihiiii
 336      FF
 337 037b 897C2414 		movl	%edi, 20(%esp)
 338 037f 8B45F0   		movl	-16(%ebp), %eax
 339 0382 897C240C 		movl	%edi, 12(%esp)
 340 0386 89442418 		movl	%eax, 24(%esp)
 341 038a 8B45EC   		movl	-20(%ebp), %eax
 342 038d 89442410 		movl	%eax, 16(%esp)
 343 0391 B80F0000 		movl	$15, %eax
 343      00
 344 0396 89442408 		movl	%eax, 8(%esp)
 345 039a 8B450C   		movl	12(%ebp), %eax
 346 039d 89442404 		movl	%eax, 4(%esp)
 347 03a1 8B4508   		movl	8(%ebp), %eax
GAS LISTING graphic.gas 			page 8


 348 03a4 890424   		movl	%eax, (%esp)
 349 03a7 E804FDFF 		call	__Z8boxfill8Phihiiii
 349      FF
 350 03ac 895C2414 		movl	%ebx, 20(%esp)
 351 03b0 8B45E8   		movl	-24(%ebp), %eax
 352 03b3 BB070000 		movl	$7, %ebx
 352      00
 353 03b8 897C240C 		movl	%edi, 12(%esp)
 354 03bc 89442418 		movl	%eax, 24(%esp)
 355 03c0 89442410 		movl	%eax, 16(%esp)
 356 03c4 8B450C   		movl	12(%ebp), %eax
 357 03c7 895C2408 		movl	%ebx, 8(%esp)
 358 03cb 89442404 		movl	%eax, 4(%esp)
 359 03cf 8B4508   		movl	8(%ebp), %eax
 360 03d2 890424   		movl	%eax, (%esp)
 361 03d5 E8D6FCFF 		call	__Z8boxfill8Phihiiii
 361      FF
 362 03da 89742410 		movl	%esi, 16(%esp)
 363 03de 8B45E8   		movl	-24(%ebp), %eax
 364 03e1 B9070000 		movl	$7, %ecx
 364      00
 365 03e6 894C2408 		movl	%ecx, 8(%esp)
 366 03ea 89442418 		movl	%eax, 24(%esp)
 367 03ee 8B450C   		movl	12(%ebp), %eax
 368 03f1 83E803   		subl	$3, %eax
 369 03f4 89442414 		movl	%eax, 20(%esp)
 370 03f8 8944240C 		movl	%eax, 12(%esp)
 371 03fc 8B450C   		movl	12(%ebp), %eax
 372 03ff 89442404 		movl	%eax, 4(%esp)
 373 0403 8B4508   		movl	8(%ebp), %eax
 374 0406 890424   		movl	%eax, (%esp)
 375 0409 E8A2FCFF 		call	__Z8boxfill8Phihiiii
 375      FF
 376 040e 83C428   		addl	$40, %esp
 377 0411 5B       		popl	%ebx
 378 0412 5E       		popl	%esi
 379 0413 5F       		popl	%edi
 380 0414 5D       		popl	%ebp
 381 0415 C3       		ret
 382              		.align 2
 383 0416 8D76008D 		.p2align 4,,15
 383      BC270000 
 383      0000
 384              	.globl __Z8putfont8PciiicS_
 385              		.def	__Z8putfont8PciiicS_;	.scl	2;	.type	32;	.endef
 386              	__Z8putfont8PciiicS_:
 387 0420 55       		pushl	%ebp
 388 0421 89E5     		movl	%esp, %ebp
 389 0423 0FB64D18 		movzbl	24(%ebp), %ecx
 390 0427 57       		pushl	%edi
 391 0428 8B7D14   		movl	20(%ebp), %edi
 392 042b 56       		pushl	%esi
 393 042c 8B751C   		movl	28(%ebp), %esi
 394 042f 53       		pushl	%ebx
 395 0430 31DB     		xorl	%ebx, %ebx
 396 0432 EB41     		jmp	L39
 397              		.p2align 4,,7
GAS LISTING graphic.gas 			page 9


 398              	L31:
 399 0434 0FBED2   		movsbl	%dl,%edx
 400 0437 F6C240   		testb	$64, %dl
 401 043a 7403     		je	L32
 402 043c 884801   		movb	%cl, 1(%eax)
 403              	L32:
 404 043f F6C220   		testb	$32, %dl
 405 0442 7403     		je	L33
 406 0444 884802   		movb	%cl, 2(%eax)
 407              	L33:
 408 0447 F6C210   		testb	$16, %dl
 409 044a 7403     		je	L34
 410 044c 884803   		movb	%cl, 3(%eax)
 411              	L34:
 412 044f F6C208   		testb	$8, %dl
 413 0452 7403     		je	L35
 414 0454 884804   		movb	%cl, 4(%eax)
 415              	L35:
 416 0457 F6C204   		testb	$4, %dl
 417 045a 7403     		je	L36
 418 045c 884805   		movb	%cl, 5(%eax)
 419              	L36:
 420 045f F6C202   		testb	$2, %dl
 421 0462 7403     		je	L37
 422 0464 884806   		movb	%cl, 6(%eax)
 423              	L37:
 424 0467 F6C201   		testb	$1, %dl
 425 046a 7403     		je	L30
 426 046c 884807   		movb	%cl, 7(%eax)
 427              	L30:
 428 046f 43       		incl	%ebx
 429 0470 83FB0F   		cmpl	$15, %ebx
 430 0473 7F19     		jg	L42
 431              	L39:
 432 0475 0FB61433 		movzbl	(%ebx,%esi), %edx
 433 0479 8D041F   		leal	(%edi,%ebx), %eax
 434 047c 0FAF450C 		imull	12(%ebp), %eax
 435 0480 034508   		addl	8(%ebp), %eax
 436 0483 034510   		addl	16(%ebp), %eax
 437 0486 84D2     		testb	%dl, %dl
 438 0488 79AA     		jns	L31
 439 048a 8808     		movb	%cl, (%eax)
 440 048c EBA6     		jmp	L31
 441              	L42:
 442 048e 5B       		popl	%ebx
 443 048f 5E       		popl	%esi
 444 0490 5F       		popl	%edi
 445 0491 5D       		popl	%ebp
 446 0492 C3       		ret
 447 0493 90       		.align 2
 448 0494 8DB60000 		.p2align 4,,15
 448      00008DBF 
 448      00000000 
 449              	.globl __Z13putfonts8_ascPciiicPh
 450              		.def	__Z13putfonts8_ascPciiicPh;	.scl	2;	.type	32;	.endef
 451              	__Z13putfonts8_ascPciiicPh:
 452 04a0 55       		pushl	%ebp
GAS LISTING graphic.gas 			page 10


 453 04a1 89E5     		movl	%esp, %ebp
 454 04a3 57       		pushl	%edi
 455 04a4 56       		pushl	%esi
 456 04a5 53       		pushl	%ebx
 457 04a6 83EC18   		subl	$24, %esp
 458 04a9 8B5D1C   		movl	28(%ebp), %ebx
 459 04ac 0FB65518 		movzbl	24(%ebp), %edx
 460 04b0 8B7510   		movl	16(%ebp), %esi
 461 04b3 0FB603   		movzbl	(%ebx), %eax
 462 04b6 84C0     		testb	%al, %al
 463 04b8 7441     		je	L49
 464 04ba 0FBEFA   		movsbl	%dl,%edi
 465 04bd 8D7600   		.p2align 4,,15
 466              	L47:
 467 04c0 89742408 		movl	%esi, 8(%esp)
 468 04c4 0FB6C0   		movzbl	%al, %eax
 469 04c7 43       		incl	%ebx
 470 04c8 897C2410 		movl	%edi, 16(%esp)
 471 04cc C1E004   		sall	$4, %eax
 472 04cf 83C608   		addl	$8, %esi
 473 04d2 05000000 		addl	$_hankaku, %eax
 473      00
 474 04d7 89442414 		movl	%eax, 20(%esp)
 475 04db 8B4514   		movl	20(%ebp), %eax
 476 04de 8944240C 		movl	%eax, 12(%esp)
 477 04e2 8B450C   		movl	12(%ebp), %eax
 478 04e5 89442404 		movl	%eax, 4(%esp)
 479 04e9 8B4508   		movl	8(%ebp), %eax
 480 04ec 890424   		movl	%eax, (%esp)
 481 04ef E82CFFFF 		call	__Z8putfont8PciiicS_
 481      FF
 482 04f4 0FB603   		movzbl	(%ebx), %eax
 483 04f7 84C0     		testb	%al, %al
 484 04f9 75C5     		jne	L47
 485              	L49:
 486 04fb 83C418   		addl	$24, %esp
 487 04fe 5B       		popl	%ebx
 488 04ff 5E       		popl	%esi
 489 0500 5F       		popl	%edi
 490 0501 5D       		popl	%ebp
 491 0502 C3       		ret
 492              		.data
 493 0030 00000000 		.align 32
 493      00000000 
 493      00000000 
 493      00000000 
 494              	_ZZ18init_mouse_cursor8PccE6cursor:
 495 0040 2A2A2E2E 		.ascii "**..............\0"
 495      2E2E2E2E 
 495      2E2E2E2E 
 495      2E2E2E2E 
 495      00
 496 0051 2A4F2A2E 		.ascii "*O*.............\0"
 496      2E2E2E2E 
 496      2E2E2E2E 
 496      2E2E2E2E 
 496      00
GAS LISTING graphic.gas 			page 11


 497 0062 2A4F4F2A 		.ascii "*OO*............\0"
 497      2E2E2E2E 
 497      2E2E2E2E 
 497      2E2E2E2E 
 497      00
 498 0073 2A4F4F4F 		.ascii "*OOO*...........\0"
 498      2A2E2E2E 
 498      2E2E2E2E 
 498      2E2E2E2E 
 498      00
 499 0084 2A4F4F4F 		.ascii "*OOOO*..........\0"
 499      4F2A2E2E 
 499      2E2E2E2E 
 499      2E2E2E2E 
 499      00
 500 0095 2A4F4F4F 		.ascii "*OOOOO*.........\0"
 500      4F4F2A2E 
 500      2E2E2E2E 
 500      2E2E2E2E 
 500      00
 501 00a6 2A4F4F4F 		.ascii "*OOOOOO*........\0"
 501      4F4F4F2A 
 501      2E2E2E2E 
 501      2E2E2E2E 
 501      00
 502 00b7 2A4F4F4F 		.ascii "*OOOOOOO*.......\0"
 502      4F4F4F4F 
 502      2A2E2E2E 
 502      2E2E2E2E 
 502      00
 503 00c8 2A4F4F4F 		.ascii "*OOOOO****......\0"
 503      4F4F2A2A 
 503      2A2A2E2E 
 503      2E2E2E2E 
 503      00
 504 00d9 2A4F4F4F 		.ascii "*OOOOOO*........\0"
 504      4F4F4F2A 
 504      2E2E2E2E 
 504      2E2E2E2E 
 504      00
 505 00ea 2A4F4F4F 		.ascii "*OOOO*OO*.......\0"
 505      4F2A4F4F 
 505      2A2E2E2E 
 505      2E2E2E2E 
 505      00
 506 00fb 2A4F4F2A 		.ascii "*OO***OO*.......\0"
 506      2A2A4F4F 
 506      2A2E2E2E 
 506      2E2E2E2E 
 506      00
 507 010c 2A4F2A2E 		.ascii "*O*..*OO*.......\0"
 507      2E2A4F4F 
 507      2A2E2E2E 
 507      2E2E2E2E 
 507      00
 508 011d 2A2A2E2E 		.ascii "**....*OO*......\0"
 508      2E2E2A4F 
GAS LISTING graphic.gas 			page 12


 508      4F2A2E2E 
 508      2E2E2E2E 
 508      00
 509 012e 2E2E2E2E 		.ascii "......*OO*......\0"
 509      2E2E2A4F 
 509      4F2A2E2E 
 509      2E2E2E2E 
 509      00
 510 013f 2E2E2E2E 		.ascii ".......***......\0"
 510      2E2E2E2A 
 510      2A2A2E2E 
 510      2E2E2E2E 
 510      00
 511 0150 00000000 		.text
 511      00000000 
 511      00000000 
 511      00000000 
 512 0503 90       		.align 2
 513 0504 8DB60000 		.p2align 4,,15
 513      00008DBF 
 513      00000000 
 514              	.globl __Z18init_mouse_cursor8Pcc
 515              		.def	__Z18init_mouse_cursor8Pcc;	.scl	2;	.type	32;	.endef
 516              	__Z18init_mouse_cursor8Pcc:
 517 0510 55       		pushl	%ebp
 518 0511 89E5     		movl	%esp, %ebp
 519 0513 57       		pushl	%edi
 520 0514 56       		pushl	%esi
 521 0515 31F6     		xorl	%esi, %esi
 522 0517 53       		pushl	%ebx
 523 0518 83EC04   		subl	$4, %esp
 524 051b 31DB     		xorl	%ebx, %ebx
 525 051d 0FB6450C 		movzbl	12(%ebp), %eax
 526 0521 8B7D08   		movl	8(%ebp), %edi
 527 0524 8845F3   		movb	%al, -13(%ebp)
 528              	L63:
 529 0527 89F0     		movl	%esi, %eax
 530 0529 31C9     		xorl	%ecx, %ecx
 531 052b C1E004   		sall	$4, %eax
 532 052e 01F8     		addl	%edi, %eax
 533 0530 EB15     		jmp	L62
 534              		.p2align 4,,7
 535              	L69:
 536 0532 80FA2A   		cmpb	$42, %dl
 537 0535 7449     		je	L58
 538 0537 89F68DBC 		.p2align 4,,15
 538      27000000 
 538      00
 539              	L56:
 540 0540 41       		incl	%ecx
 541 0541 40       		incl	%eax
 542 0542 83F90F   		cmpl	$15, %ecx
 543 0545 7F1E     		jg	L68
 544              	L62:
 545 0547 0FB6940B 		movzbl	_ZZ18init_mouse_cursor8PccE6cursor(%ebx,%ecx), %edx
 545      40000000 
 546 054f 80FA2E   		cmpb	$46, %dl
GAS LISTING graphic.gas 			page 13


 547 0552 7420     		je	L60
 548 0554 7EDC     		jle	L69
 549 0556 80FA4F   		cmpb	$79, %dl
 550 0559 75E5     		jne	L56
 551 055b C60007   		movb	$7, (%eax)
 552 055e 41       		incl	%ecx
 553 055f 40       		incl	%eax
 554 0560 83F90F   		cmpl	$15, %ecx
 555 0563 7EE2     		jle	L62
 556              	L68:
 557 0565 46       		incl	%esi
 558 0566 83C311   		addl	$17, %ebx
 559 0569 83FE0F   		cmpl	$15, %esi
 560 056c 7EB9     		jle	L63
 561 056e 58       		popl	%eax
 562 056f 5B       		popl	%ebx
 563 0570 5E       		popl	%esi
 564 0571 5F       		popl	%edi
 565 0572 5D       		popl	%ebp
 566 0573 C3       		ret
 567              		.p2align 4,,7
 568              	L60:
 569 0574 0FB655F3 		movzbl	-13(%ebp), %edx
 570 0578 8810     		movb	%dl, (%eax)
 571 057a EBC4     		jmp	L56
 572 057c 8D742600 		.p2align 4,,7
 573              	L58:
 574 0580 C60000   		movb	$0, (%eax)
 575 0583 EBBB     		jmp	L56
 576 0585 90       		.align 2
 577 0586 8D76008D 		.p2align 4,,15
 577      BC270000 
 577      0000
 578              	.globl __Z11putblock8_8PciiiiiS_i
 579              		.def	__Z11putblock8_8PciiiiiS_i;	.scl	2;	.type	32;	.endef
 580              	__Z11putblock8_8PciiiiiS_i:
 581 0590 55       		pushl	%ebp
 582 0591 89E5     		movl	%esp, %ebp
 583 0593 57       		pushl	%edi
 584 0594 56       		pushl	%esi
 585 0595 31F6     		xorl	%esi, %esi
 586 0597 53       		pushl	%ebx
 587 0598 83EC04   		subl	$4, %esp
 588 059b 8B7D10   		movl	16(%ebp), %edi
 589 059e 3B7514   		cmpl	20(%ebp), %esi
 590 05a1 7D54     		jge	L80
 591 05a3 8B4518   		movl	24(%ebp), %eax
 592 05a6 8B4D08   		movl	8(%ebp), %ecx
 593 05a9 8B5D20   		movl	32(%ebp), %ebx
 594 05ac 01C8     		addl	%ecx, %eax
 595 05ae 8945F0   		movl	%eax, -16(%ebp)
 596 05b1 EB0D9090 		.p2align 4,,15
 596      90909090 
 596      90909090 
 596      909090
 597              	L78:
 598 05c0 31C9     		xorl	%ecx, %ecx
GAS LISTING graphic.gas 			page 14


 599 05c2 39F9     		cmpl	%edi, %ecx
 600 05c4 7D26     		jge	L82
 601 05c6 8B551C   		movl	28(%ebp), %edx
 602 05c9 8D0432   		leal	(%edx,%esi), %eax
 603 05cc 8B550C   		movl	12(%ebp), %edx
 604 05cf 0FAFC2   		imull	%edx, %eax
 605 05d2 8B55F0   		movl	-16(%ebp), %edx
 606 05d5 01C2     		addl	%eax, %edx
 607 05d7 89F68DBC 		.p2align 4,,15
 607      27000000 
 607      00
 608              	L77:
 609 05e0 0FB6040B 		movzbl	(%ebx,%ecx), %eax
 610 05e4 41       		incl	%ecx
 611 05e5 8802     		movb	%al, (%edx)
 612 05e7 42       		incl	%edx
 613 05e8 39F9     		cmpl	%edi, %ecx
 614 05ea 7CF4     		jl	L77
 615              	L82:
 616 05ec 8B4D24   		movl	36(%ebp), %ecx
 617 05ef 46       		incl	%esi
 618 05f0 01CB     		addl	%ecx, %ebx
 619 05f2 3B7514   		cmpl	20(%ebp), %esi
 620 05f5 7CC9     		jl	L78
 621              	L80:
 622 05f7 5A       		popl	%edx
 623 05f8 5B       		popl	%ebx
 624 05f9 5E       		popl	%esi
 625 05fa 5F       		popl	%edi
 626 05fb 5D       		popl	%ebp
 627 05fc C3       		ret
 628              		.def	_io_sti;	.scl	3;	.type	32;	.endef
 629              		.def	_io_out8;	.scl	3;	.type	32;	.endef
 630 05fd 909090   		.def	_io_cli;	.scl	3;	.type	32;	.endef
GAS LISTING graphic.gas 			page 15


DEFINED SYMBOLS
                            *ABS*:00000000 graphic.cpp
         graphic.gas:4      .data:00000000 _ZZ12init_palettevE9table_rgb
         graphic.gas:58     .text:00000000 __Z12init_palettev
         graphic.gas:68     .text:00000010 __Z11set_paletteiiPKh
         graphic.gas:119    .text:000000b0 __Z8boxfill8Phihiiii
         graphic.gas:161    .text:00000100 __Z12init_screen8Phii
         graphic.gas:386    .text:00000420 __Z8putfont8PciiicS_
         graphic.gas:451    .text:000004a0 __Z13putfonts8_ascPciiicPh
         graphic.gas:494    .data:00000040 _ZZ18init_mouse_cursor8PccE6cursor
         graphic.gas:516    .text:00000510 __Z18init_mouse_cursor8Pcc
         graphic.gas:580    .text:00000590 __Z11putblock8_8PciiiiiS_i

UNDEFINED SYMBOLS
_hankaku
_io_sti
_io_out8
_io_cli
