GAS LISTING mem.gas 			page 1


   1              		.file	"mem.cpp"
   2              		.text
   3              		.align 2
   4              		.p2align 4,,15
   5              	.globl __Z7memtestjj
   6              		.def	__Z7memtestjj;	.scl	2;	.type	32;	.endef
   7              	__Z7memtestjj:
   8 0000 55       		pushl	%ebp
   9 0001 89E5     		movl	%esp, %ebp
  10 0003 53       		pushl	%ebx
  11 0004 83EC14   		subl	$20, %esp
  12 0007 C645FB00 		movb	$0, -5(%ebp)
  13 000b E8000000 		call	_load_eflags
  13      00
  14 0010 0D000004 		orl	$262144, %eax
  14      00
  15 0015 890424   		movl	%eax, (%esp)
  16 0018 E8000000 		call	_store_eflags
  16      00
  17 001d E8000000 		call	_load_eflags
  17      00
  18 0022 A9000004 		testl	$262144, %eax
  18      00
  19 0027 7404     		je	L2
  20 0029 C645FB01 		movb	$1, -5(%ebp)
  21              	L2:
  22 002d 25FFFFFB 		andl	$-262145, %eax
  22      FF
  23 0032 890424   		movl	%eax, (%esp)
  24 0035 E8000000 		call	_store_eflags
  24      00
  25 003a 807DFB00 		cmpb	$0, -5(%ebp)
  26 003e 7522     		jne	L6
  27 0040 8B450C   		movl	12(%ebp), %eax
  28 0043 89442404 		movl	%eax, 4(%esp)
  29 0047 8B4508   		movl	8(%ebp), %eax
  30 004a 890424   		movl	%eax, (%esp)
  31 004d E8000000 		call	_memtest_sub_iasm
  31      00
  32 0052 807DFB00 		cmpb	$0, -5(%ebp)
  33 0056 89C3     		movl	%eax, %ebx
  34 0058 7536     		jne	L7
  35              	L4:
  36 005a 83C414   		addl	$20, %esp
  37 005d 89D8     		movl	%ebx, %eax
  38 005f 5B       		popl	%ebx
  39 0060 5D       		popl	%ebp
  40 0061 C3       		ret
  41              		.p2align 4,,7
  42              	L6:
  43 0062 E8000000 		call	_load_cr0
  43      00
  44 0067 0D000000 		orl	$1073741824, %eax
  44      40
  45 006c 890424   		movl	%eax, (%esp)
  46 006f E8000000 		call	_store_cr0
  46      00
GAS LISTING mem.gas 			page 2


  47 0074 8B450C   		movl	12(%ebp), %eax
  48 0077 89442404 		movl	%eax, 4(%esp)
  49 007b 8B4508   		movl	8(%ebp), %eax
  50 007e 890424   		movl	%eax, (%esp)
  51 0081 E8000000 		call	_memtest_sub_iasm
  51      00
  52 0086 807DFB00 		cmpb	$0, -5(%ebp)
  53 008a 89C3     		movl	%eax, %ebx
  54 008c 74CC     		je	L4
  55 008e 89F6     		.p2align 4,,15
  56              	L7:
  57 0090 E8000000 		call	_load_cr0
  57      00
  58 0095 25FFFFFF 		andl	$-1073741825, %eax
  58      BF
  59 009a 890424   		movl	%eax, (%esp)
  60 009d E8000000 		call	_store_cr0
  60      00
  61 00a2 83C414   		addl	$20, %esp
  62 00a5 89D8     		movl	%ebx, %eax
  63 00a7 5B       		popl	%ebx
  64 00a8 5D       		popl	%ebp
  65 00a9 C3       		ret
  66              		.align 2
  67 00aa 8DB60000 		.p2align 4,,15
  67      0000
  68              	.globl __Z11memmng_initP13MemoryManager
  69              		.def	__Z11memmng_initP13MemoryManager;	.scl	2;	.type	32;	.endef
  70              	__Z11memmng_initP13MemoryManager:
  71 00b0 55       		pushl	%ebp
  72 00b1 B9D07F00 		movl	$32720, %ecx
  72      00
  73 00b6 89E5     		movl	%esp, %ebp
  74 00b8 83EC18   		subl	$24, %esp
  75 00bb BACC0000 		movl	$204, %edx
  75      00
  76 00c0 8B4508   		movl	8(%ebp), %eax
  77 00c3 C7000000 		movl	$0, (%eax)
  77      0000
  78 00c9 C7400400 		movl	$0, 4(%eax)
  78      000000
  79 00d0 C7400800 		movl	$0, 8(%eax)
  79      000000
  80 00d7 C7400C00 		movl	$0, 12(%eax)
  80      000000
  81 00de 83C010   		addl	$16, %eax
  82 00e1 894C2408 		movl	%ecx, 8(%esp)
  83 00e5 89542404 		movl	%edx, 4(%esp)
  84 00e9 890424   		movl	%eax, (%esp)
  85 00ec E8000000 		call	_memset
  85      00
  86 00f1 C9       		leave
  87 00f2 C3       		ret
  88 00f3 90       		.align 2
  89 00f4 8DB60000 		.p2align 4,,15
  89      00008DBF 
  89      00000000 
GAS LISTING mem.gas 			page 3


  90              	.globl __Z11memmng_freeP13MemoryManagerPvi
  91              		.def	__Z11memmng_freeP13MemoryManagerPvi;	.scl	2;	.type	32;	.endef
  92              	__Z11memmng_freeP13MemoryManagerPvi:
  93 0100 55       		pushl	%ebp
  94 0101 89E5     		movl	%esp, %ebp
  95 0103 83EC38   		subl	$56, %esp
  96 0106 897DFC   		movl	%edi, -4(%ebp)
  97 0109 8B7D08   		movl	8(%ebp), %edi
  98 010c 8B450C   		movl	12(%ebp), %eax
  99 010f 895DF4   		movl	%ebx, -12(%ebp)
 100 0112 8B5510   		movl	16(%ebp), %edx
 101 0115 8975F8   		movl	%esi, -8(%ebp)
 102 0118 8B0F     		movl	(%edi), %ecx
 103 011a 31F6     		xorl	%esi, %esi
 104 011c 8D1C10   		leal	(%eax,%edx), %ebx
 105 011f 83F900   		cmpl	$0, %ecx
 106 0122 7E21     		jle	L11
 107 0124 8D5710   		leal	16(%edi), %edx
 108 0127 394204   		cmpl	%eax, 4(%edx)
 109 012a 730D     		jae	L27
 110              	L12:
 111 012c 46       		incl	%esi
 112 012d 83C208   		addl	$8, %edx
 113 0130 39F1     		cmpl	%esi, %ecx
 114 0132 7E11     		jle	L11
 115 0134 394204   		cmpl	%eax, 4(%edx)
 116 0137 72F3     		jb	L12
 117              	L27:
 118 0139 746E     		je	L28
 119 013b 391A     		cmpl	%ebx, (%edx)
 120 013d 0F82AA00 		jb	L25
 120      0000
 121 0143 7476     		je	L29
 122              	L11:
 123 0145 8945E8   		movl	%eax, -24(%ebp)
 124 0148 B8080000 		movl	$8, %eax
 124      00
 125 014d 89442418 		movl	%eax, 24(%esp)
 126 0151 B8FA0F00 		movl	$4090, %eax
 126      00
 127 0156 89442414 		movl	%eax, 20(%esp)
 128 015a 8D45E8   		leal	-24(%ebp), %eax
 129 015d 895DEC   		movl	%ebx, -20(%ebp)
 130 0160 BB010000 		movl	$1, %ebx
 130      00
 131 0165 89442408 		movl	%eax, 8(%esp)
 132 0169 8D4710   		leal	16(%edi), %eax
 133 016c 894C2410 		movl	%ecx, 16(%esp)
 134 0170 895C240C 		movl	%ebx, 12(%esp)
 135 0174 89742404 		movl	%esi, 4(%esp)
 136 0178 890424   		movl	%eax, (%esp)
 137 017b E8000000 		call	__Z12insert_arrayPviS_iiij
 137      00
 138 0180 85C0     		testl	%eax, %eax
 139 0182 BAFFFFFF 		movl	$-1, %edx
 139      FF
 140 0187 780C     		js	L9
GAS LISTING mem.gas 			page 4


 141 0189 8B07     		movl	(%edi), %eax
 142 018b 40       		incl	%eax
 143 018c 394704   		cmpl	%eax, 4(%edi)
 144 018f 8907     		movl	%eax, (%edi)
 145 0191 7C11     		jl	L30
 146              	L20:
 147 0193 31D2     		xorl	%edx, %edx
 148              	L9:
 149 0195 8B5DF4   		movl	-12(%ebp), %ebx
 150 0198 89D0     		movl	%edx, %eax
 151 019a 8B75F8   		movl	-8(%ebp), %esi
 152 019d 8B7DFC   		movl	-4(%ebp), %edi
 153 01a0 89EC     		movl	%ebp, %esp
 154 01a2 5D       		popl	%ebp
 155 01a3 C3       		ret
 156              		.p2align 4,,7
 157              	L30:
 158 01a4 894704   		movl	%eax, 4(%edi)
 159 01a7 EBEA     		jmp	L20
 160              	L28:
 161 01a9 81FEF80F 		cmpl	$4088, %esi
 161      0000
 162 01af 7F05     		jg	L24
 163 01b1 395A08   		cmpl	%ebx, 8(%edx)
 164 01b4 7409     		je	L31
 165              	L24:
 166 01b6 895A04   		movl	%ebx, 4(%edx)
 167 01b9 EBD8     		jmp	L20
 168              	L29:
 169 01bb 8902     		movl	%eax, (%edx)
 170 01bd EBD4     		jmp	L20
 171              	L31:
 172 01bf 8B420C   		movl	12(%edx), %eax
 173 01c2 894204   		movl	%eax, 4(%edx)
 174 01c5 B8080000 		movl	$8, %eax
 174      00
 175 01ca 89442410 		movl	%eax, 16(%esp)
 176 01ce 8D4602   		leal	2(%esi), %eax
 177 01d1 89442408 		movl	%eax, 8(%esp)
 178 01d5 8D4601   		leal	1(%esi), %eax
 179 01d8 89442404 		movl	%eax, 4(%esp)
 180 01dc 8D4710   		leal	16(%edi), %eax
 181 01df 894C240C 		movl	%ecx, 12(%esp)
 182 01e3 890424   		movl	%eax, (%esp)
 183 01e6 E8000000 		call	__Z11erase_arrayPviiij
 183      00
 184 01eb EBA6     		jmp	L20
 185              	L25:
 186 01ed 8B4510   		movl	16(%ebp), %eax
 187 01f0 BAFFFFFF 		movl	$-1, %edx
 187      FF
 188 01f5 014708   		addl	%eax, 8(%edi)
 189 01f8 FF470C   		incl	12(%edi)
 190 01fb EB98     		jmp	L9
 191 01fd 90       		.align 2
 192 01fe 89F6     		.p2align 4,,15
 193              	.globl __Z12memmng_allocP13MemoryManagerj
GAS LISTING mem.gas 			page 5


 194              		.def	__Z12memmng_allocP13MemoryManagerj;	.scl	2;	.type	32;	.endef
 195              	__Z12memmng_allocP13MemoryManagerj:
 196 0200 55       		pushl	%ebp
 197 0201 89E5     		movl	%esp, %ebp
 198 0203 57       		pushl	%edi
 199 0204 56       		pushl	%esi
 200 0205 31F6     		xorl	%esi, %esi
 201 0207 53       		pushl	%ebx
 202 0208 83EC1C   		subl	$28, %esp
 203 020b 8B4508   		movl	8(%ebp), %eax
 204 020e C745F0FF 		movl	$-1, -16(%ebp)
 204      FFFFFF
 205 0215 8B00     		movl	(%eax), %eax
 206 0217 83F800   		cmpl	$0, %eax
 207 021a 8945EC   		movl	%eax, -20(%ebp)
 208 021d 0F8E9B00 		jle	L43
 208      0000
 209 0223 8DB60000 		.p2align 4,,15
 209      00008DBC 
 209      27000000 
 209      00
 210              	L38:
 211 0230 8B5508   		movl	8(%ebp), %edx
 212 0233 8B5CF214 		movl	20(%edx,%esi,8), %ebx
 213 0237 8B4CF210 		movl	16(%edx,%esi,8), %ecx
 214 023b 89DF     		movl	%ebx, %edi
 215 023d 29CF     		subl	%ecx, %edi
 216 023f 837DF0FF 		cmpl	$-1, -16(%ebp)
 217 0243 0F94C2   		sete	%dl
 218 0246 3B7D0C   		cmpl	12(%ebp), %edi
 219 0249 0F94C0   		sete	%al
 220 024c 84D0     		testb	%al, %dl
 221 024e 7403     		je	L36
 222 0250 8975F0   		movl	%esi, -16(%ebp)
 223              	L36:
 224 0253 3B7D0C   		cmpl	12(%ebp), %edi
 225 0256 7752     		ja	L42
 226 0258 46       		incl	%esi
 227 0259 3975EC   		cmpl	%esi, -20(%ebp)
 228 025c 7FD2     		jg	L38
 229 025e 837DF0FF 		cmpl	$-1, -16(%ebp)
 230 0262 745A     		je	L43
 231 0264 8B45F0   		movl	-16(%ebp), %eax
 232 0267 8B5508   		movl	8(%ebp), %edx
 233 026a 8B5CC210 		movl	16(%edx,%eax,8), %ebx
 234 026e B8080000 		movl	$8, %eax
 234      00
 235 0273 89442410 		movl	%eax, 16(%esp)
 236 0277 8B45EC   		movl	-20(%ebp), %eax
 237 027a 8944240C 		movl	%eax, 12(%esp)
 238 027e 8B45F0   		movl	-16(%ebp), %eax
 239 0281 40       		incl	%eax
 240 0282 89442408 		movl	%eax, 8(%esp)
 241 0286 8B55F0   		movl	-16(%ebp), %edx
 242 0289 89542404 		movl	%edx, 4(%esp)
 243 028d 8B4508   		movl	8(%ebp), %eax
 244 0290 83C010   		addl	$16, %eax
GAS LISTING mem.gas 			page 6


 245 0293 890424   		movl	%eax, (%esp)
 246 0296 E8000000 		call	__Z11erase_arrayPviiij
 246      00
 247 029b 8B4508   		movl	8(%ebp), %eax
 248 029e FF08     		decl	(%eax)
 249 02a0 83C41C   		addl	$28, %esp
 250 02a3 89D8     		movl	%ebx, %eax
 251 02a5 5B       		popl	%ebx
 252 02a6 5E       		popl	%esi
 253 02a7 5F       		popl	%edi
 254 02a8 5D       		popl	%ebp
 255 02a9 C3       		ret
 256              	L42:
 257 02aa 8B4508   		movl	8(%ebp), %eax
 258 02ad 8B550C   		movl	12(%ebp), %edx
 259 02b0 0154F010 		addl	%edx, 16(%eax,%esi,8)
 260 02b4 83C41C   		addl	$28, %esp
 261 02b7 89C8     		movl	%ecx, %eax
 262 02b9 5B       		popl	%ebx
 263 02ba 5E       		popl	%esi
 264 02bb 5F       		popl	%edi
 265 02bc 5D       		popl	%ebp
 266 02bd C3       		ret
 267              	L43:
 268 02be 83C41C   		addl	$28, %esp
 269 02c1 31C0     		xorl	%eax, %eax
 270 02c3 5B       		popl	%ebx
 271 02c4 5E       		popl	%esi
 272 02c5 5F       		popl	%edi
 273 02c6 5D       		popl	%ebp
 274 02c7 C3       		ret
 275              		.align 2
 276 02c8 908DB426 		.p2align 4,,15
 276      00000000 
 277              	.globl __Z15memmng_alloc_4ki
 278              		.def	__Z15memmng_alloc_4ki;	.scl	2;	.type	32;	.endef
 279              	__Z15memmng_alloc_4ki:
 280 02d0 55       		pushl	%ebp
 281 02d1 89E5     		movl	%esp, %ebp
 282 02d3 83EC08   		subl	$8, %esp
 283 02d6 C7042400 		movl	$3932160, (%esp)
 283      003C00
 284 02dd 8B4508   		movl	8(%ebp), %eax
 285 02e0 05FF0F00 		addl	$4095, %eax
 285      00
 286 02e5 2500F0FF 		andl	$-4096, %eax
 286      FF
 287 02ea 89442404 		movl	%eax, 4(%esp)
 288 02ee E80DFFFF 		call	__Z12memmng_allocP13MemoryManagerj
 288      FF
 289 02f3 C9       		leave
 290 02f4 C3       		ret
 291 02f5 90       		.align 2
 292 02f6 8D76008D 		.p2align 4,,15
 292      BC270000 
 292      0000
 293              	.globl __Z14memmng_free_4kPvi
GAS LISTING mem.gas 			page 7


 294              		.def	__Z14memmng_free_4kPvi;	.scl	2;	.type	32;	.endef
 295              	__Z14memmng_free_4kPvi:
 296 0300 55       		pushl	%ebp
 297 0301 31C0     		xorl	%eax, %eax
 298 0303 89E5     		movl	%esp, %ebp
 299 0305 83EC18   		subl	$24, %esp
 300 0308 8B5508   		movl	8(%ebp), %edx
 301 030b 85D2     		testl	%edx, %edx
 302 030d 7421     		je	L46
 303 030f 89542404 		movl	%edx, 4(%esp)
 304 0313 8B450C   		movl	12(%ebp), %eax
 305 0316 C7042400 		movl	$3932160, (%esp)
 305      003C00
 306 031d 05FF0F00 		addl	$4095, %eax
 306      00
 307 0322 2500F0FF 		andl	$-4096, %eax
 307      FF
 308 0327 89442408 		movl	%eax, 8(%esp)
 309 032b E8D0FDFF 		call	__Z11memmng_freeP13MemoryManagerPvi
 309      FF
 310              	L46:
 311 0330 C9       		leave
 312 0331 C3       		ret
 313              		.section .rdata,"dr"
 314              	LC1:
 315 0000 0A00     		.ascii "\12\0"
 316              	LC2:
 317 0002 2000     		.ascii " \0"
 318              	LC3:
 319 0004 25303278 		.ascii "%02x%s\0"
 319      257300
 320              	LC0:
 321 000b 25303878 		.ascii "%08x:\0"
 321      3A00
 322 0011 00000000 		.text
 322      00000000 
 322      00000000 
 322      000000
 323              		.align 2
 324 0332 8DB42600 		.p2align 4,,15
 324      0000008D 
 324      BC270000 
 324      0000
 325              	.globl __ZN3mem11dump_memoryEPci
 326              		.def	__ZN3mem11dump_memoryEPci;	.scl	2;	.type	32;	.endef
 327              	__ZN3mem11dump_memoryEPci:
 328 0340 55       		pushl	%ebp
 329 0341 89E5     		movl	%esp, %ebp
 330 0343 57       		pushl	%edi
 331 0344 56       		pushl	%esi
 332 0345 53       		pushl	%ebx
 333 0346 81EC1C01 		subl	$284, %esp
 333      0000
 334 034c 31DB     		xorl	%ebx, %ebx
 335 034e 3B5D0C   		cmpl	12(%ebp), %ebx
 336 0351 8B7D08   		movl	8(%ebp), %edi
 337 0354 7D5D     		jge	L57
GAS LISTING mem.gas 			page 8


 338 0356 8DB5E8FE 		leal	-280(%ebp), %esi
 338      FFFF
 339 035c 8D742600 		.p2align 4,,15
 340              	L55:
 341 0360 89D8     		movl	%ebx, %eax
 342 0362 83E00F   		andl	$15, %eax
 343 0365 7459     		je	L58
 344 0367 83F80F   		cmpl	$15, %eax
 345 036a BA000000 		movl	$LC1, %edx
 345      00
 346 036f 7405     		je	L54
 347              	L53:
 348 0371 BA020000 		movl	$LC2, %edx
 348      00
 349              	L54:
 350 0376 8954240C 		movl	%edx, 12(%esp)
 351 037a 0FB6043B 		movzbl	(%ebx,%edi), %eax
 352 037e 43       		incl	%ebx
 353 037f 893424   		movl	%esi, (%esp)
 354 0382 89442408 		movl	%eax, 8(%esp)
 355 0386 B8040000 		movl	$LC3, %eax
 355      00
 356 038b 89442404 		movl	%eax, 4(%esp)
 357 038f E8000000 		call	_sprintf
 357      00
 358 0394 89742408 		movl	%esi, 8(%esp)
 359 0398 A1000000 		movl	_l_console, %eax
 359      00
 360 039d 89442404 		movl	%eax, 4(%esp)
 361 03a1 A1000000 		movl	_layerctl, %eax
 361      00
 362 03a6 890424   		movl	%eax, (%esp)
 363 03a9 E8000000 		call	__Z11layer_printP8LayerCtl5uid_tPc
 363      00
 364 03ae 3B5D0C   		cmpl	12(%ebp), %ebx
 365 03b1 7CAD     		jl	L55
 366              	L57:
 367 03b3 81C41C01 		addl	$284, %esp
 367      0000
 368 03b9 5B       		popl	%ebx
 369 03ba 5E       		popl	%esi
 370 03bb 5F       		popl	%edi
 371 03bc 5D       		popl	%ebp
 372 03bd C3       		ret
 373 03be 89F6     		.p2align 4,,7
 374              	L58:
 375 03c0 893424   		movl	%esi, (%esp)
 376 03c3 8D041F   		leal	(%edi,%ebx), %eax
 377 03c6 89442408 		movl	%eax, 8(%esp)
 378 03ca B80B0000 		movl	$LC0, %eax
 378      00
 379 03cf 89442404 		movl	%eax, 4(%esp)
 380 03d3 E8000000 		call	_sprintf
 380      00
 381 03d8 89742408 		movl	%esi, 8(%esp)
 382 03dc A1000000 		movl	_l_console, %eax
 382      00
GAS LISTING mem.gas 			page 9


 383 03e1 89442404 		movl	%eax, 4(%esp)
 384 03e5 A1000000 		movl	_layerctl, %eax
 384      00
 385 03ea 890424   		movl	%eax, (%esp)
 386 03ed E8000000 		call	__Z11layer_printP8LayerCtl5uid_tPc
 386      00
 387 03f2 E97AFFFF 		jmp	L53
 387      FF
 388 03f7 90       		.align 2
 389 03f8 908DB426 		.p2align 4,,15
 389      00000000 
 390              	.globl __Z12dump_memlistP8FreeInfoi
 391              		.def	__Z12dump_memlistP8FreeInfoi;	.scl	2;	.type	32;	.endef
 392              	__Z12dump_memlistP8FreeInfoi:
 393 0400 55       		pushl	%ebp
 394 0401 89E5     		movl	%esp, %ebp
 395 0403 57       		pushl	%edi
 396 0404 56       		pushl	%esi
 397 0405 53       		pushl	%ebx
 398 0406 83EC04   		subl	$4, %esp
 399 0409 A100003C 		movl	3932160, %eax
 399      00
 400 040e 8B750C   		movl	12(%ebp), %esi
 401 0411 89C3     		movl	%eax, %ebx
 402 0413 39F0     		cmpl	%esi, %eax
 403 0415 8945F0   		movl	%eax, -16(%ebp)
 404 0418 7E02     		jle	L60
 405 041a 89F3     		movl	%esi, %ebx
 406              	L60:
 407 041c 31C9     		xorl	%ecx, %ecx
 408 041e EB19     		jmp	L67
 409              		.p2align 4,,7
 410              	L68:
 411 0420 8B04CD10 		movl	3932176(,%ecx,8), %eax
 411      003C00
 412 0427 8B14CD14 		movl	3932180(,%ecx,8), %edx
 412      003C00
 413 042e 41       		incl	%ecx
 414 042f 8B7D08   		movl	8(%ebp), %edi
 415 0432 8904F7   		movl	%eax, (%edi,%esi,8)
 416 0435 8954F704 		movl	%edx, 4(%edi,%esi,8)
 417              	L67:
 418 0439 39D9     		cmpl	%ebx, %ecx
 419 043b 7CE3     		jl	L68
 420 043d 8B45F0   		movl	-16(%ebp), %eax
 421 0440 5A       		popl	%edx
 422 0441 5B       		popl	%ebx
 423 0442 5E       		popl	%esi
 424 0443 5F       		popl	%edi
 425 0444 5D       		popl	%ebp
 426 0445 C3       		ret
 427              		.def	__Z11layer_printP8LayerCtl5uid_tPc;	.scl	3;	.type	32;	.endef
 428              		.def	_sprintf;	.scl	2;	.type	32;	.endef
 429              		.def	__Z12insert_arrayPviS_iiij;	.scl	3;	.type	32;	.endef
 430              		.def	__Z11erase_arrayPviiij;	.scl	3;	.type	32;	.endef
 431              		.def	_memset;	.scl	2;	.type	32;	.endef
 432              		.def	_memtest_sub_iasm;	.scl	3;	.type	32;	.endef
GAS LISTING mem.gas 			page 10


 433              		.def	_store_cr0;	.scl	3;	.type	32;	.endef
 434              		.def	_load_cr0;	.scl	3;	.type	32;	.endef
 435              		.def	_store_eflags;	.scl	3;	.type	32;	.endef
 436 0446 90909090 		.def	_load_eflags;	.scl	3;	.type	32;	.endef
 436      90909090 
 436      9090
GAS LISTING mem.gas 			page 11


DEFINED SYMBOLS
                            *ABS*:00000000 mem.cpp
             mem.gas:7      .text:00000000 __Z7memtestjj
             mem.gas:70     .text:000000b0 __Z11memmng_initP13MemoryManager
             mem.gas:92     .text:00000100 __Z11memmng_freeP13MemoryManagerPvi
             mem.gas:195    .text:00000200 __Z12memmng_allocP13MemoryManagerj
             mem.gas:279    .text:000002d0 __Z15memmng_alloc_4ki
             mem.gas:295    .text:00000300 __Z14memmng_free_4kPvi
             mem.gas:327    .text:00000340 __ZN3mem11dump_memoryEPci
             mem.gas:392    .text:00000400 __Z12dump_memlistP8FreeInfoi

UNDEFINED SYMBOLS
_l_console
_layerctl
__Z11layer_printP8LayerCtl5uid_tPc
_sprintf
__Z12insert_arrayPviS_iiij
__Z11erase_arrayPviiij
_memset
_memtest_sub_iasm
_store_cr0
_load_cr0
_store_eflags
_load_eflags
